<?xml version="1.0" encoding="UTF-8"?>
<testsuite name="com.example.project.TestWordPair" tests="2" skipped="0" failures="0" errors="0" timestamp="2025-02-11T13:53:20" hostname="codespaces-60cf75" time="0.094">
  <properties/>
  <testcase name="testPARTA()" classname="com.example.project.TestWordPair" time="0.082"/>
  <testcase name="testPARTB()" classname="com.example.project.TestWordPair" time="0.006"/>
  <system-out><![CDATA[]]></system-out>
  <system-err><![CDATA[]]></system-err>
</testsuite>
